This is pdfTeX, Version 3.1415926-2.5-1.40.14 (TeX Live 2013/Debian) (format=pdflatex 2015.2.13)  26 APR 2015 12:19
entering extended mode
 restricted \write18 enabled.
 %&-line parsing enabled.
**moses_source_guide.tex
(./moses_source_guide.tex
LaTeX2e <2011/06/27>
Babel <3.9h> and hyphenation patterns for 78 languages loaded.
(/usr/share/texlive/texmf-dist/tex/latex/base/article.cls
Document Class: article 2007/10/19 v1.4h Standard LaTeX document class
(/usr/share/texlive/texmf-dist/tex/latex/base/size11.clo
File: size11.clo 2007/10/19 v1.4h Standard LaTeX file (size option)
)
\c@part=\count79
\c@section=\count80
\c@subsection=\count81
\c@subsubsection=\count82
\c@paragraph=\count83
\c@subparagraph=\count84
\c@figure=\count85
\c@table=\count86
\abovecaptionskip=\skip41
\belowcaptionskip=\skip42
\bibindent=\dimen102
)
(./moses_source_guide.aux (./intro.aux) (./vtmudeck.aux) (./powerserver.aux)
(./mdaq.aux) (./ioserver.aux) (./diopin.aux) (./usenotes.aux))
\openout1 = `moses_source_guide.aux'.

LaTeX Font Info:    Checking defaults for OML/cmm/m/it on input line 9.
LaTeX Font Info:    ... okay on input line 9.
LaTeX Font Info:    Checking defaults for T1/cmr/m/n on input line 9.
LaTeX Font Info:    ... okay on input line 9.
LaTeX Font Info:    Checking defaults for OT1/cmr/m/n on input line 9.
LaTeX Font Info:    ... okay on input line 9.
LaTeX Font Info:    Checking defaults for OMS/cmsy/m/n on input line 9.
LaTeX Font Info:    ... okay on input line 9.
LaTeX Font Info:    Checking defaults for OMX/cmex/m/n on input line 9.
LaTeX Font Info:    ... okay on input line 9.
LaTeX Font Info:    Checking defaults for U/cmr/m/n on input line 9.
LaTeX Font Info:    ... okay on input line 9.
LaTeX Font Info:    External font `cmex10' loaded for size
(Font)              <12> on input line 11.
LaTeX Font Info:    External font `cmex10' loaded for size
(Font)              <8> on input line 11.
LaTeX Font Info:    External font `cmex10' loaded for size
(Font)              <6> on input line 11.
 [1

{/var/lib/texmf/fonts/map/pdftex/updmap/pdftex.map}] (./moses_source_guide.toc
LaTeX Font Info:    External font `cmex10' loaded for size
(Font)              <10.95> on input line 3.
)
\tf@toc=\write3
\openout3 = `moses_source_guide.toc'.

 [1]
\openout2 = `intro.aux'.


(./intro.tex
Underfull \hbox (badness 10000) in paragraph at lines 2--14

 []

) [2

]
\openout2 = `vtmudeck.aux'.

 (./vtmudeck.tex
Underfull \hbox (badness 10000) in paragraph at lines 4--30

 []


Underfull \hbox (badness 10000) in paragraph at lines 41--60

 []

[3


]
Underfull \hbox (badness 10000) in paragraph at lines 66--84

 []


Underfull \hbox (badness 10000) in paragraph at lines 87--99

 []

[4]) [5]
\openout2 = `powerserver.aux'.

 (./powerserver.tex
Underfull \hbox (badness 10000) in paragraph at lines 15--28

 []


Underfull \hbox (badness 10000) in paragraph at lines 31--41

 []

[6


]) [7]
\openout2 = `mdaq.aux'.

 (./mdaq.tex
Underfull \hbox (badness 10000) in paragraph at lines 38--73

 []


Underfull \hbox (badness 10000) in paragraph at lines 38--73

 []


Underfull \hbox (badness 10000) in paragraph at lines 38--73

 []

[8


]
Underfull \hbox (badness 10000) in paragraph at lines 76--106

 []


Underfull \hbox (badness 10000) in paragraph at lines 76--106

 []


Underfull \hbox (badness 10000) in paragraph at lines 76--106

 []

[9]
Underfull \hbox (badness 10000) in paragraph at lines 109--120

 []

[10] [11]
Underfull \hbox (badness 10000) in paragraph at lines 161--192

 []


Underfull \hbox (badness 10000) in paragraph at lines 161--192

 []


Underfull \hbox (badness 10000) in paragraph at lines 161--192

 []


Underfull \hbox (badness 10000) in paragraph at lines 161--192

 []

[12]
Underfull \hbox (badness 10000) in paragraph at lines 201--210

 []

[13]
Underfull \hbox (badness 10000) in paragraph at lines 243--255

 []

[14]
Underfull \hbox (badness 10000) in paragraph at lines 283--328

 []


Underfull \hbox (badness 10000) in paragraph at lines 283--328

 []


Underfull \hbox (badness 10000) in paragraph at lines 283--328

 []


Underfull \hbox (badness 10000) in paragraph at lines 283--328

 []


Underfull \hbox (badness 10000) in paragraph at lines 283--328

 []


Underfull \hbox (badness 10000) in paragraph at lines 283--328

 []

[15] [16]
Underfull \hbox (badness 10000) in paragraph at lines 330--359

 []


Underfull \hbox (badness 10000) in paragraph at lines 330--359

 []


Underfull \hbox (badness 10000) in paragraph at lines 330--359

 []

[17]
Underfull \hbox (badness 10000) in paragraph at lines 361--378

 []

[18]) [19]
\openout2 = `ioserver.aux'.

 (./ioserver.tex
Underfull \hbox (badness 10000) in paragraph at lines 33--64

 []


Underfull \hbox (badness 10000) in paragraph at lines 33--64

 []


Underfull \hbox (badness 10000) in paragraph at lines 33--64

 []


Underfull \hbox (badness 10000) in paragraph at lines 33--64

 []

[20


]
Underfull \hbox (badness 10000) in paragraph at lines 76--84

 []

[21]
Underfull \hbox (badness 10000) in paragraph at lines 87--95

 []

[22]
Underfull \hbox (badness 10000) in paragraph at lines 124--138

 []


Underfull \hbox (badness 10000) in paragraph at lines 124--138

 []

) [23]
\openout2 = `diopin.aux'.

 (./diopin.tex [24


]) [25]
\openout2 = `usenotes.aux'.

 (./usenotes.tex
Underfull \hbox (badness 10000) in paragraph at lines 3--23

 []


Underfull \hbox (badness 10000) in paragraph at lines 3--23

 []


Underfull \hbox (badness 10000) in paragraph at lines 3--23

 []

) [26


] (./moses_source_guide.aux (./intro.aux) (./vtmudeck.aux)
(./powerserver.aux) (./mdaq.aux) (./ioserver.aux) (./diopin.aux)
(./usenotes.aux)) ) 
Here is how much of TeX's memory you used:
 297 strings out of 493304
 3375 string characters out of 6139871
 67108 words of memory out of 5000000
 3777 multiletter control sequences out of 15000+600000
 9325 words of font info for 33 fonts, out of 8000000 for 9000
 957 hyphenation exceptions out of 8191
 22i,7n,19p,206b,179s stack positions out of 5000i,500n,10000p,200000b,80000s
</usr/share/texlive/texmf-dist/fonts/type1/public/amsfonts/c
m/cmbx10.pfb></usr/share/texlive/texmf-dist/fonts/type1/public/amsfonts/cm/cmbx
12.pfb></usr/share/texlive/texmf-dist/fonts/type1/public/amsfonts/cm/cmmi10.pfb
></usr/share/texlive/texmf-dist/fonts/type1/public/amsfonts/cm/cmr10.pfb></usr/
share/texlive/texmf-dist/fonts/type1/public/amsfonts/cm/cmr12.pfb></usr/share/t
exlive/texmf-dist/fonts/type1/public/amsfonts/cm/cmr17.pfb></usr/share/texlive/
texmf-dist/fonts/type1/public/amsfonts/cm/cmr8.pfb></usr/share/texlive/texmf-di
st/fonts/type1/public/amsfonts/cm/cmti10.pfb></usr/share/texlive/texmf-dist/fon
ts/type1/public/amsfonts/cm/cmtt10.pfb>
Output written on moses_source_guide.pdf (27 pages, 182607 bytes).
PDF statistics:
 127 PDF objects out of 1000 (max. 8388607)
 88 compressed objects within 1 object stream
 0 named destinations out of 1000 (max. 500000)
 1 words of extra memory for PDF output out of 10000 (max. 10000000)

